2025-03-09 19:00:36,551 - logger - INFO - ++++++  Using device: mps   ++++++
2025-03-09 19:00:36,551 - logger - INFO - without init weights
2025-03-09 19:00:51,246 - logger - INFO - Early stopping!
2025-03-09 19:00:51,402 - logger - INFO - SEQUENCE_SIZE: 32
2025-03-09 19:00:51,402 - logger - INFO - Score (Relative Error): 0.0355
2025-03-09 19:00:51,402 - logger - INFO - Score (MAE): 0.0160
2025-03-09 19:00:51,402 - logger - INFO - Score (RMSE): 0.0340
2025-03-09 19:01:02,190 - logger - INFO - ++++++  Using device: mps   ++++++
2025-03-09 19:01:02,191 - logger - INFO - without init weights
2025-03-09 19:01:17,144 - logger - INFO - Early stopping!
2025-03-09 19:01:17,303 - logger - INFO - SEQUENCE_SIZE: 32
2025-03-09 19:01:17,303 - logger - INFO - Score (Relative Error): 0.0391
2025-03-09 19:01:17,303 - logger - INFO - Score (MAE): 0.0226
2025-03-09 19:01:17,303 - logger - INFO - Score (RMSE): 0.0341
2025-03-09 19:01:21,282 - logger - INFO - ++++++  Using device: mps   ++++++
2025-03-09 19:01:21,282 - logger - INFO - without init weights
2025-03-09 19:01:30,685 - logger - INFO - Early stopping!
2025-03-09 19:01:30,830 - logger - INFO - SEQUENCE_SIZE: 32
2025-03-09 19:01:30,830 - logger - INFO - Score (Relative Error): 0.0372
2025-03-09 19:01:30,830 - logger - INFO - Score (MAE): 0.0174
2025-03-09 19:01:30,830 - logger - INFO - Score (RMSE): 0.0343
2025-03-09 19:01:34,549 - logger - INFO - ++++++  Using device: mps   ++++++
2025-03-09 19:01:34,549 - logger - INFO - without init weights
2025-03-09 19:01:52,131 - logger - INFO - Early stopping!
2025-03-09 19:01:52,331 - logger - INFO - SEQUENCE_SIZE: 32
2025-03-09 19:01:52,331 - logger - INFO - Score (Relative Error): 0.0411
2025-03-09 19:01:52,331 - logger - INFO - Score (MAE): 0.0224
2025-03-09 19:01:52,331 - logger - INFO - Score (RMSE): 0.0348
2025-03-09 19:01:55,403 - logger - INFO - ++++++  Using device: mps   ++++++
2025-03-09 19:01:55,403 - logger - INFO - without init weights
2025-03-09 19:02:09,815 - logger - INFO - Early stopping!
2025-03-09 19:02:09,997 - logger - INFO - SEQUENCE_SIZE: 32
2025-03-09 19:02:09,997 - logger - INFO - Score (Relative Error): 0.0413
2025-03-09 19:02:09,997 - logger - INFO - Score (MAE): 0.0212
2025-03-09 19:02:09,997 - logger - INFO - Score (RMSE): 0.0360
2025-03-09 19:03:26,732 - logger - INFO - ++++++  Using device: mps   ++++++
2025-03-09 19:03:26,733 - logger - INFO - with init weights mean=0.0, std=0.02
2025-03-09 19:03:58,971 - logger - INFO - Early stopping!
2025-03-09 19:03:59,175 - logger - INFO - SEQUENCE_SIZE: 32
2025-03-09 19:03:59,175 - logger - INFO - Score (Relative Error): 0.0488
2025-03-09 19:03:59,175 - logger - INFO - Score (MAE): 0.0249
2025-03-09 19:03:59,175 - logger - INFO - Score (RMSE): 0.0420
2025-03-09 19:04:04,312 - logger - INFO - ++++++  Using device: mps   ++++++
2025-03-09 19:04:04,312 - logger - INFO - with init weights mean=0.0, std=0.02
2025-03-09 19:04:28,766 - logger - INFO - Early stopping!
2025-03-09 19:04:28,911 - logger - INFO - SEQUENCE_SIZE: 32
2025-03-09 19:04:28,911 - logger - INFO - Score (Relative Error): 0.0492
2025-03-09 19:04:28,911 - logger - INFO - Score (MAE): 0.0228
2025-03-09 19:04:28,911 - logger - INFO - Score (RMSE): 0.0460
2025-03-09 19:04:35,110 - logger - INFO - ++++++  Using device: mps   ++++++
2025-03-09 19:04:35,110 - logger - INFO - with init weights mean=0.0, std=0.02
2025-03-09 19:04:54,600 - logger - INFO - Early stopping!
2025-03-09 19:04:54,755 - logger - INFO - SEQUENCE_SIZE: 32
2025-03-09 19:04:54,755 - logger - INFO - Score (Relative Error): 0.0510
2025-03-09 19:04:54,755 - logger - INFO - Score (MAE): 0.0250
2025-03-09 19:04:54,755 - logger - INFO - Score (RMSE): 0.0466
2025-03-09 19:05:00,689 - logger - INFO - ++++++  Using device: mps   ++++++
2025-03-09 19:05:00,690 - logger - INFO - with init weights mean=0.0, std=0.02
2025-03-09 19:05:36,750 - logger - INFO - Early stopping!
2025-03-09 19:05:36,941 - logger - INFO - SEQUENCE_SIZE: 32
2025-03-09 19:05:36,941 - logger - INFO - Score (Relative Error): 0.0483
2025-03-09 19:05:36,941 - logger - INFO - Score (MAE): 0.0243
2025-03-09 19:05:36,941 - logger - INFO - Score (RMSE): 0.0422
2025-03-09 19:05:41,566 - logger - INFO - ++++++  Using device: mps   ++++++
2025-03-09 19:05:41,566 - logger - INFO - with init weights mean=0.0, std=0.02
2025-03-09 19:05:59,703 - logger - INFO - Early stopping!
2025-03-09 19:05:59,843 - logger - INFO - SEQUENCE_SIZE: 32
2025-03-09 19:05:59,843 - logger - INFO - Score (Relative Error): 0.0495
2025-03-09 19:05:59,843 - logger - INFO - Score (MAE): 0.0224
2025-03-09 19:05:59,843 - logger - INFO - Score (RMSE): 0.0482
2025-03-09 19:31:57,657 - logger - INFO - ++++++  Using device: mps   ++++++
2025-03-09 19:31:57,657 - logger - INFO - with init weights mean=0.0, std=0.02
2025-03-09 19:36:39,397 - logger - INFO - ++++++  Using device: cuda   ++++++
2025-03-09 19:36:39,397 - logger - INFO - with init weights mean=0.0, std=0.02
2025-03-09 19:36:43,760 - logger - INFO - train on 36, 37, 38, test on 35
2025-03-09 19:36:52,055 - logger - INFO - Early stopping!
2025-03-09 19:36:52,140 - logger - INFO - SEQUENCE_SIZE: 32
2025-03-09 19:36:52,140 - logger - INFO - Score (Relative Error): 0.0564
2025-03-09 19:36:52,140 - logger - INFO - Score (MAE): 0.0261
2025-03-09 19:36:52,140 - logger - INFO - Score (RMSE): 0.0527
2025-03-09 19:38:43,760 - logger - INFO - ++++++  Using device: cuda   ++++++
2025-03-09 19:38:43,760 - logger - INFO - with init weights mean=0.0, std=0.02
2025-03-09 19:38:43,760 - logger - INFO - train on 36, 37, 38, test on 35
2025-03-09 19:38:53,029 - logger - INFO - Early stopping!
2025-03-09 19:38:53,092 - logger - INFO - SEQUENCE_SIZE: 32
2025-03-09 19:38:53,092 - logger - INFO - Score (Relative Error): 0.0583
2025-03-09 19:38:53,092 - logger - INFO - Score (MAE): 0.0269
2025-03-09 19:38:53,092 - logger - INFO - Score (RMSE): 0.0534
2025-03-09 19:39:01,296 - logger - INFO - ++++++  Using device: cuda   ++++++
2025-03-09 19:39:01,312 - logger - INFO - with init weights mean=0.0, std=0.02
2025-03-09 19:39:01,312 - logger - INFO - train on 36, 37, 38, test on 35
2025-03-09 19:39:14,397 - logger - INFO - Early stopping!
2025-03-09 19:39:14,448 - logger - INFO - SEQUENCE_SIZE: 32
2025-03-09 19:39:14,449 - logger - INFO - Score (Relative Error): 0.0569
2025-03-09 19:39:14,449 - logger - INFO - Score (MAE): 0.0259
2025-03-09 19:39:14,449 - logger - INFO - Score (RMSE): 0.0543
2025-03-09 19:39:21,360 - logger - INFO - ++++++  Using device: cuda   ++++++
2025-03-09 19:39:21,361 - logger - INFO - with init weights mean=0.0, std=0.02
2025-03-09 19:39:21,361 - logger - INFO - train on 36, 37, 38, test on 35
2025-03-09 19:39:27,408 - logger - INFO - Early stopping!
2025-03-09 19:39:27,482 - logger - INFO - SEQUENCE_SIZE: 32
2025-03-09 19:39:27,483 - logger - INFO - Score (Relative Error): 0.0709
2025-03-09 19:39:27,483 - logger - INFO - Score (MAE): 0.0336
2025-03-09 19:39:27,483 - logger - INFO - Score (RMSE): 0.0640
2025-03-09 19:40:04,440 - logger - INFO - ++++++  Using device: cuda   ++++++
2025-03-09 19:40:04,440 - logger - INFO - with init weights mean=0.0, std=0.02
2025-03-09 19:40:04,441 - logger - INFO - train on 36, 37, 38, test on 35
2025-03-09 19:40:18,999 - logger - INFO - Early stopping!
2025-03-09 19:40:19,072 - logger - INFO - SEQUENCE_SIZE: 32
2025-03-09 19:40:19,072 - logger - INFO - Score (Relative Error): 0.0575
2025-03-09 19:40:19,072 - logger - INFO - Score (MAE): 0.0260
2025-03-09 19:40:19,072 - logger - INFO - Score (RMSE): 0.0543
2025-03-09 19:42:21,824 - logger - INFO - ++++++  Using device: cuda   ++++++
2025-03-09 19:42:21,824 - logger - INFO - without init weights
2025-03-09 19:42:21,824 - logger - INFO - train on 36, 37, 38, test on 35
2025-03-09 19:42:30,289 - logger - INFO - Early stopping!
2025-03-09 19:42:30,349 - logger - INFO - SEQUENCE_SIZE: 32
2025-03-09 19:42:30,349 - logger - INFO - Score (Relative Error): 0.0557
2025-03-09 19:42:30,350 - logger - INFO - Score (MAE): 0.0240
2025-03-09 19:42:30,350 - logger - INFO - Score (RMSE): 0.0549
2025-03-09 19:42:35,511 - logger - INFO - ++++++  Using device: cuda   ++++++
2025-03-09 19:42:35,511 - logger - INFO - without init weights
2025-03-09 19:42:35,511 - logger - INFO - train on 36, 37, 38, test on 35
2025-03-09 19:42:40,997 - logger - INFO - Early stopping!
2025-03-09 19:42:41,051 - logger - INFO - SEQUENCE_SIZE: 32
2025-03-09 19:42:41,051 - logger - INFO - Score (Relative Error): 0.0495
2025-03-09 19:42:41,051 - logger - INFO - Score (MAE): 0.0210
2025-03-09 19:42:41,052 - logger - INFO - Score (RMSE): 0.0489
2025-03-09 19:42:46,080 - logger - INFO - ++++++  Using device: cuda   ++++++
2025-03-09 19:42:46,081 - logger - INFO - without init weights
2025-03-09 19:42:46,081 - logger - INFO - train on 36, 37, 38, test on 35
2025-03-09 19:42:53,921 - logger - INFO - Early stopping!
2025-03-09 19:42:53,971 - logger - INFO - SEQUENCE_SIZE: 32
2025-03-09 19:42:53,972 - logger - INFO - Score (Relative Error): 0.0479
2025-03-09 19:42:53,972 - logger - INFO - Score (MAE): 0.0200
2025-03-09 19:42:53,972 - logger - INFO - Score (RMSE): 0.0482
2025-03-09 19:43:00,718 - logger - INFO - ++++++  Using device: cuda   ++++++
2025-03-09 19:43:00,718 - logger - INFO - without init weights
2025-03-09 19:43:00,719 - logger - INFO - train on 36, 37, 38, test on 35
2025-03-09 19:43:08,138 - logger - INFO - Early stopping!
2025-03-09 19:43:08,187 - logger - INFO - SEQUENCE_SIZE: 32
2025-03-09 19:43:08,187 - logger - INFO - Score (Relative Error): 0.0501
2025-03-09 19:43:08,187 - logger - INFO - Score (MAE): 0.0211
2025-03-09 19:43:08,187 - logger - INFO - Score (RMSE): 0.0500
2025-03-09 19:48:08,693 - logger - INFO - ++++++  Using device: cuda   ++++++
2025-03-09 19:48:08,693 - logger - INFO - without init weights
2025-03-09 19:48:08,693 - logger - INFO - train on 36, 37, 38, test on 35
2025-03-09 19:48:13,503 - logger - INFO - Early stopping!
2025-03-09 19:48:13,563 - logger - INFO - SEQUENCE_SIZE: 32
2025-03-09 19:48:13,563 - logger - INFO - Score (Relative Error): 0.0562
2025-03-09 19:48:13,564 - logger - INFO - Score (MAE): 0.0248
2025-03-09 19:48:13,564 - logger - INFO - Score (RMSE): 0.0532
2025-03-09 19:50:05,889 - logger - INFO - ++++++  Using device: cuda   ++++++
2025-03-09 19:50:05,889 - logger - INFO - without init weights
2025-03-09 19:50:05,889 - logger - INFO - train on 36, 37, 38, test on 35
2025-03-09 19:50:08,974 - logger - INFO - Early stopping!
2025-03-09 19:50:09,048 - logger - INFO - SEQUENCE_SIZE: 32
2025-03-09 19:50:09,048 - logger - INFO - Score (Relative Error): 0.0188
2025-03-09 19:50:09,048 - logger - INFO - Score (MAE): 0.0134
2025-03-09 19:50:09,049 - logger - INFO - Score (RMSE): 0.0170
2025-03-09 19:51:03,139 - logger - INFO - ++++++  Using device: cuda   ++++++
2025-03-09 19:51:03,139 - logger - INFO - without init weights
2025-03-09 19:51:03,147 - logger - INFO - train on 36, 37, 38, test on 35
2025-03-09 19:52:07,754 - logger - INFO - ++++++  Using device: cuda   ++++++
2025-03-09 19:52:07,756 - logger - INFO - without init weights
2025-03-09 19:52:07,756 - logger - INFO - train on 36, 37, 38, test on 35
2025-03-09 19:57:39,569 - logger - INFO - ++++++  Using device: cuda   ++++++
2025-03-09 19:57:39,576 - logger - INFO - without init weights
2025-03-09 19:57:39,577 - logger - INFO - train on 36, 37, 38, test on 35
2025-03-09 20:00:25,317 - logger - INFO - ++++++  Using device: cuda   ++++++
2025-03-09 20:00:25,317 - logger - INFO - without init weights
2025-03-09 20:00:25,317 - logger - INFO - train on 36, 37, 38, test on 35
2025-03-09 20:03:03,288 - logger - INFO - Early stopping!
2025-03-09 20:03:33,087 - logger - INFO - SEQUENCE_SIZE: 32
2025-03-09 20:03:33,088 - logger - INFO - Score (Relative Error): 0.0215
2025-03-09 20:03:33,088 - logger - INFO - Score (MAE): 0.0138
2025-03-09 20:03:33,089 - logger - INFO - Score (RMSE): 0.0158
