 ~/Desktop/github/RUL_DIY  main !2 ?4  /Users/michael/miniconda3/envs/py310/bin/python /Users/michael/Desktop/github/RUL_DIY/RUL_diy.py                                                                                INT ✘  py310   19:03:24 
2025-03-09 19:03:26,732 - logger - INFO - ++++++  Using device: mps   ++++++
INFO:logger:++++++  Using device: mps   ++++++
2025-03-09 19:03:26,733 - logger - INFO - with init weights mean=0.0, std=0.02
INFO:logger:with init weights mean=0.0, std=0.02
Epoch 1/1000, Train Loss: 0.9685, Validation Loss: 2.1374
Epoch 2/1000, Train Loss: 0.7309, Validation Loss: 1.1547
Epoch 3/1000, Train Loss: 0.2954, Validation Loss: 0.7065
Epoch 4/1000, Train Loss: 0.1193, Validation Loss: 0.3853
Epoch 5/1000, Train Loss: 0.0677, Validation Loss: 0.3011
Epoch 6/1000, Train Loss: 0.0517, Validation Loss: 0.2770
Epoch 7/1000, Train Loss: 0.0500, Validation Loss: 0.2431
Epoch 8/1000, Train Loss: 0.0414, Validation Loss: 0.1737
Epoch 9/1000, Train Loss: 0.0405, Validation Loss: 0.1675
Epoch 10/1000, Train Loss: 0.0400, Validation Loss: 0.1664
Epoch 11/1000, Train Loss: 0.0390, Validation Loss: 0.1652
Epoch 12/1000, Train Loss: 0.0357, Validation Loss: 0.1590
Epoch 13/1000, Train Loss: 0.0404, Validation Loss: 0.1633
Epoch 14/1000, Train Loss: 0.0496, Validation Loss: 0.1927
Epoch 15/1000, Train Loss: 0.0322, Validation Loss: 0.1536
Epoch 16/1000, Train Loss: 0.0320, Validation Loss: 0.1568
Epoch 17/1000, Train Loss: 0.0354, Validation Loss: 0.1597
Epoch 18/1000, Train Loss: 0.0332, Validation Loss: 0.1408
Epoch 19/1000, Train Loss: 0.0328, Validation Loss: 0.1315
Epoch 20/1000, Train Loss: 0.0321, Validation Loss: 0.1220
Epoch 21/1000, Train Loss: 0.0302, Validation Loss: 0.1382
Epoch 22/1000, Train Loss: 0.0306, Validation Loss: 0.1451
Epoch 23/1000, Train Loss: 0.0286, Validation Loss: 0.1367
Epoch 00024: reducing learning rate of group 0 to 5.0000e-04.
Epoch 24/1000, Train Loss: 0.0313, Validation Loss: 0.1296
Epoch 25/1000, Train Loss: 0.0317, Validation Loss: 0.1151
Epoch 26/1000, Train Loss: 0.0280, Validation Loss: 0.1170
Epoch 27/1000, Train Loss: 0.0262, Validation Loss: 0.1176
Epoch 28/1000, Train Loss: 0.0271, Validation Loss: 0.1162
Epoch 00029: reducing learning rate of group 0 to 2.5000e-04.
Epoch 29/1000, Train Loss: 0.0252, Validation Loss: 0.1195
Epoch 30/1000, Train Loss: 0.0251, Validation Loss: 0.1059
Epoch 31/1000, Train Loss: 0.0240, Validation Loss: 0.1028
Epoch 32/1000, Train Loss: 0.0253, Validation Loss: 0.0977
Epoch 33/1000, Train Loss: 0.0223, Validation Loss: 0.0978
Epoch 34/1000, Train Loss: 0.0240, Validation Loss: 0.1017
Epoch 35/1000, Train Loss: 0.0258, Validation Loss: 0.0993
Epoch 00036: reducing learning rate of group 0 to 1.2500e-04.
Epoch 36/1000, Train Loss: 0.0247, Validation Loss: 0.0981
2025-03-09 19:03:58,971 - logger - INFO - Early stopping!
INFO:logger:Early stopping!
2025-03-09 19:03:59,175 - logger - INFO - SEQUENCE_SIZE: 32
INFO:logger:SEQUENCE_SIZE: 32
2025-03-09 19:03:59,175 - logger - INFO - Score (Relative Error): 0.0488
INFO:logger:Score (Relative Error): 0.0488
2025-03-09 19:03:59,175 - logger - INFO - Score (MAE): 0.0249
INFO:logger:Score (MAE): 0.0249
2025-03-09 19:03:59,175 - logger - INFO - Score (RMSE): 0.0420
INFO:logger:Score (RMSE): 0.0420
 ~/Desktop/github/RUL_DIY  main !2 ?4  /Users/michael/miniconda3/envs/py310/bin/python /Users/michael/Desktop/github/RUL_DIY/RUL_diy.py                                                                              ✔  35s  py310   19:03:59 
2025-03-09 19:04:04,312 - logger - INFO - ++++++  Using device: mps   ++++++
INFO:logger:++++++  Using device: mps   ++++++
2025-03-09 19:04:04,312 - logger - INFO - with init weights mean=0.0, std=0.02
INFO:logger:with init weights mean=0.0, std=0.02
Epoch 1/1000, Train Loss: 0.9502, Validation Loss: 2.1174
Epoch 2/1000, Train Loss: 0.5808, Validation Loss: 0.9159
Epoch 3/1000, Train Loss: 0.2345, Validation Loss: 0.7230
Epoch 4/1000, Train Loss: 0.1253, Validation Loss: 0.5420
Epoch 5/1000, Train Loss: 0.0842, Validation Loss: 0.2464
Epoch 6/1000, Train Loss: 0.0456, Validation Loss: 0.2256
Epoch 7/1000, Train Loss: 0.0451, Validation Loss: 0.1852
Epoch 8/1000, Train Loss: 0.0434, Validation Loss: 0.1811
Epoch 9/1000, Train Loss: 0.0391, Validation Loss: 0.1628
Epoch 10/1000, Train Loss: 0.0427, Validation Loss: 0.1918
Epoch 11/1000, Train Loss: 0.0365, Validation Loss: 0.1667
Epoch 12/1000, Train Loss: 0.0340, Validation Loss: 0.1543
Epoch 13/1000, Train Loss: 0.0352, Validation Loss: 0.1505
Epoch 14/1000, Train Loss: 0.0348, Validation Loss: 0.1614
Epoch 15/1000, Train Loss: 0.0362, Validation Loss: 0.1411
Epoch 16/1000, Train Loss: 0.0340, Validation Loss: 0.1599
Epoch 17/1000, Train Loss: 0.0355, Validation Loss: 0.1385
Epoch 18/1000, Train Loss: 0.0318, Validation Loss: 0.1346
Epoch 19/1000, Train Loss: 0.0391, Validation Loss: 0.1434
Epoch 20/1000, Train Loss: 0.0286, Validation Loss: 0.1268
Epoch 21/1000, Train Loss: 0.0288, Validation Loss: 0.1248
Epoch 22/1000, Train Loss: 0.0294, Validation Loss: 0.1141
Epoch 23/1000, Train Loss: 0.0321, Validation Loss: 0.1216
Epoch 24/1000, Train Loss: 0.0354, Validation Loss: 0.1502
Epoch 25/1000, Train Loss: 0.0304, Validation Loss: 0.1159
Epoch 00026: reducing learning rate of group 0 to 5.0000e-04.
Epoch 26/1000, Train Loss: 0.0313, Validation Loss: 0.1339
2025-03-09 19:04:28,766 - logger - INFO - Early stopping!
INFO:logger:Early stopping!
2025-03-09 19:04:28,911 - logger - INFO - SEQUENCE_SIZE: 32
INFO:logger:SEQUENCE_SIZE: 32
2025-03-09 19:04:28,911 - logger - INFO - Score (Relative Error): 0.0492
INFO:logger:Score (Relative Error): 0.0492
2025-03-09 19:04:28,911 - logger - INFO - Score (MAE): 0.0228
INFO:logger:Score (MAE): 0.0228
2025-03-09 19:04:28,911 - logger - INFO - Score (RMSE): 0.0460
INFO:logger:Score (RMSE): 0.0460
 ~/Desktop/github/RUL_DIY  main !2 ?4  /Users/michael/miniconda3/envs/py310/bin/python /Users/michael/Desktop/github/RUL_DIY/RUL_diy.py                                                                              ✔  26s  py310   19:04:29 
2025-03-09 19:04:35,110 - logger - INFO - ++++++  Using device: mps   ++++++
INFO:logger:++++++  Using device: mps   ++++++
2025-03-09 19:04:35,110 - logger - INFO - with init weights mean=0.0, std=0.02
INFO:logger:with init weights mean=0.0, std=0.02
Epoch 1/1000, Train Loss: 0.9287, Validation Loss: 1.7877
Epoch 2/1000, Train Loss: 0.5592, Validation Loss: 0.9197
Epoch 3/1000, Train Loss: 0.2057, Validation Loss: 0.4994
Epoch 4/1000, Train Loss: 0.1236, Validation Loss: 0.3923
Epoch 5/1000, Train Loss: 0.0656, Validation Loss: 0.2770
Epoch 6/1000, Train Loss: 0.0674, Validation Loss: 0.2196
Epoch 7/1000, Train Loss: 0.0438, Validation Loss: 0.1762
Epoch 8/1000, Train Loss: 0.0434, Validation Loss: 0.1593
Epoch 9/1000, Train Loss: 0.0427, Validation Loss: 0.1671
Epoch 10/1000, Train Loss: 0.0359, Validation Loss: 0.1536
Epoch 11/1000, Train Loss: 0.0420, Validation Loss: 0.1517
Epoch 12/1000, Train Loss: 0.0338, Validation Loss: 0.1670
Epoch 13/1000, Train Loss: 0.0454, Validation Loss: 0.1859
Epoch 14/1000, Train Loss: 0.0401, Validation Loss: 0.1678
Epoch 15/1000, Train Loss: 0.0432, Validation Loss: 0.1407
Epoch 16/1000, Train Loss: 0.0349, Validation Loss: 0.1467
Epoch 17/1000, Train Loss: 0.0313, Validation Loss: 0.1267
Epoch 18/1000, Train Loss: 0.0419, Validation Loss: 0.1476
Epoch 19/1000, Train Loss: 0.0321, Validation Loss: 0.1627
Epoch 20/1000, Train Loss: 0.0396, Validation Loss: 0.1583
Epoch 00021: reducing learning rate of group 0 to 5.0000e-04.
Epoch 21/1000, Train Loss: 0.0292, Validation Loss: 0.1353
2025-03-09 19:04:54,600 - logger - INFO - Early stopping!
INFO:logger:Early stopping!
2025-03-09 19:04:54,755 - logger - INFO - SEQUENCE_SIZE: 32
INFO:logger:SEQUENCE_SIZE: 32
2025-03-09 19:04:54,755 - logger - INFO - Score (Relative Error): 0.0510
INFO:logger:Score (Relative Error): 0.0510
2025-03-09 19:04:54,755 - logger - INFO - Score (MAE): 0.0250
INFO:logger:Score (MAE): 0.0250
2025-03-09 19:04:54,755 - logger - INFO - Score (RMSE): 0.0466
INFO:logger:Score (RMSE): 0.0466
 ~/Desktop/github/RUL_DIY  main !2 ?4  /Users/michael/miniconda3/envs/py310/bin/python /Users/michael/Desktop/github/RUL_DIY/RUL_diy.py                                                                              ✔  22s  py310   19:04:55 
2025-03-09 19:05:00,689 - logger - INFO - ++++++  Using device: mps   ++++++
INFO:logger:++++++  Using device: mps   ++++++
2025-03-09 19:05:00,690 - logger - INFO - with init weights mean=0.0, std=0.02
INFO:logger:with init weights mean=0.0, std=0.02
Epoch 1/1000, Train Loss: 0.9713, Validation Loss: 2.2667
Epoch 2/1000, Train Loss: 0.6054, Validation Loss: 1.0347
Epoch 3/1000, Train Loss: 0.2498, Validation Loss: 0.9121
Epoch 4/1000, Train Loss: 0.1022, Validation Loss: 0.4839
Epoch 5/1000, Train Loss: 0.0657, Validation Loss: 0.3876
Epoch 6/1000, Train Loss: 0.0501, Validation Loss: 0.2698
Epoch 7/1000, Train Loss: 0.0610, Validation Loss: 0.2312
Epoch 8/1000, Train Loss: 0.0612, Validation Loss: 0.2211
Epoch 9/1000, Train Loss: 0.0443, Validation Loss: 0.1806
Epoch 10/1000, Train Loss: 0.0369, Validation Loss: 0.1791
Epoch 11/1000, Train Loss: 0.0379, Validation Loss: 0.1758
Epoch 12/1000, Train Loss: 0.0380, Validation Loss: 0.2018
Epoch 13/1000, Train Loss: 0.0391, Validation Loss: 0.1524
Epoch 14/1000, Train Loss: 0.0373, Validation Loss: 0.1731
Epoch 15/1000, Train Loss: 0.0424, Validation Loss: 0.1902
Epoch 16/1000, Train Loss: 0.0364, Validation Loss: 0.1679
Epoch 17/1000, Train Loss: 0.0337, Validation Loss: 0.1409
Epoch 18/1000, Train Loss: 0.0364, Validation Loss: 0.1385
Epoch 19/1000, Train Loss: 0.0346, Validation Loss: 0.1490
Epoch 20/1000, Train Loss: 0.0332, Validation Loss: 0.1187
Epoch 21/1000, Train Loss: 0.0336, Validation Loss: 0.1581
Epoch 22/1000, Train Loss: 0.0390, Validation Loss: 0.1529
Epoch 23/1000, Train Loss: 0.0321, Validation Loss: 0.1329
Epoch 00024: reducing learning rate of group 0 to 5.0000e-04.
Epoch 24/1000, Train Loss: 0.0341, Validation Loss: 0.1215
Epoch 25/1000, Train Loss: 0.0290, Validation Loss: 0.1126
Epoch 26/1000, Train Loss: 0.0273, Validation Loss: 0.1077
Epoch 27/1000, Train Loss: 0.0269, Validation Loss: 0.1099
Epoch 28/1000, Train Loss: 0.0288, Validation Loss: 0.1111
Epoch 29/1000, Train Loss: 0.0293, Validation Loss: 0.1071
Epoch 30/1000, Train Loss: 0.0269, Validation Loss: 0.1105
Epoch 31/1000, Train Loss: 0.0264, Validation Loss: 0.1077
Epoch 32/1000, Train Loss: 0.0268, Validation Loss: 0.1049
Epoch 33/1000, Train Loss: 0.0263, Validation Loss: 0.1072
Epoch 34/1000, Train Loss: 0.0282, Validation Loss: 0.1084
Epoch 35/1000, Train Loss: 0.0278, Validation Loss: 0.1043
Epoch 36/1000, Train Loss: 0.0255, Validation Loss: 0.1025
Epoch 37/1000, Train Loss: 0.0258, Validation Loss: 0.0990
Epoch 38/1000, Train Loss: 0.0253, Validation Loss: 0.0970
Epoch 39/1000, Train Loss: 0.0244, Validation Loss: 0.0973
Epoch 40/1000, Train Loss: 0.0293, Validation Loss: 0.1002
Epoch 41/1000, Train Loss: 0.0262, Validation Loss: 0.1009
Epoch 00042: reducing learning rate of group 0 to 2.5000e-04.
Epoch 42/1000, Train Loss: 0.0231, Validation Loss: 0.1008
2025-03-09 19:05:36,750 - logger - INFO - Early stopping!
INFO:logger:Early stopping!
2025-03-09 19:05:36,941 - logger - INFO - SEQUENCE_SIZE: 32
INFO:logger:SEQUENCE_SIZE: 32
2025-03-09 19:05:36,941 - logger - INFO - Score (Relative Error): 0.0483
INFO:logger:Score (Relative Error): 0.0483
2025-03-09 19:05:36,941 - logger - INFO - Score (MAE): 0.0243
INFO:logger:Score (MAE): 0.0243
2025-03-09 19:05:36,941 - logger - INFO - Score (RMSE): 0.0422
INFO:logger:Score (RMSE): 0.0422
 ~/Desktop/github/RUL_DIY  main !2 ?4  /Users/michael/miniconda3/envs/py310/bin/python /Users/michael/Desktop/github/RUL_DIY/RUL_diy.py                                                                              ✔  38s  py310   19:05:37 
2025-03-09 19:05:41,566 - logger - INFO - ++++++  Using device: mps   ++++++
INFO:logger:++++++  Using device: mps   ++++++
2025-03-09 19:05:41,566 - logger - INFO - with init weights mean=0.0, std=0.02
INFO:logger:with init weights mean=0.0, std=0.02
Epoch 1/1000, Train Loss: 0.9517, Validation Loss: 2.3439
Epoch 2/1000, Train Loss: 0.6928, Validation Loss: 0.8508
Epoch 3/1000, Train Loss: 0.2409, Validation Loss: 0.4550
Epoch 4/1000, Train Loss: 0.0911, Validation Loss: 0.3132
Epoch 5/1000, Train Loss: 0.0875, Validation Loss: 0.3024
Epoch 6/1000, Train Loss: 0.0659, Validation Loss: 0.2532
Epoch 7/1000, Train Loss: 0.0482, Validation Loss: 0.2017
Epoch 8/1000, Train Loss: 0.0538, Validation Loss: 0.2077
Epoch 9/1000, Train Loss: 0.0386, Validation Loss: 0.1703
Epoch 10/1000, Train Loss: 0.0411, Validation Loss: 0.1676
Epoch 11/1000, Train Loss: 0.0452, Validation Loss: 0.1628
Epoch 12/1000, Train Loss: 0.0415, Validation Loss: 0.1730
Epoch 13/1000, Train Loss: 0.0364, Validation Loss: 0.1686
Epoch 14/1000, Train Loss: 0.0341, Validation Loss: 0.1733
Epoch 15/1000, Train Loss: 0.0321, Validation Loss: 0.1390
Epoch 16/1000, Train Loss: 0.0355, Validation Loss: 0.1564
Epoch 17/1000, Train Loss: 0.0356, Validation Loss: 0.1350
Epoch 18/1000, Train Loss: 0.0404, Validation Loss: 0.1881
Epoch 19/1000, Train Loss: 0.0427, Validation Loss: 0.1940
Epoch 20/1000, Train Loss: 0.0385, Validation Loss: 0.1534
Epoch 00021: reducing learning rate of group 0 to 5.0000e-04.
Epoch 21/1000, Train Loss: 0.0354, Validation Loss: 0.1411
2025-03-09 19:05:59,703 - logger - INFO - Early stopping!
INFO:logger:Early stopping!
2025-03-09 19:05:59,843 - logger - INFO - SEQUENCE_SIZE: 32
INFO:logger:SEQUENCE_SIZE: 32
2025-03-09 19:05:59,843 - logger - INFO - Score (Relative Error): 0.0495
INFO:logger:Score (Relative Error): 0.0495
2025-03-09 19:05:59,843 - logger - INFO - Score (MAE): 0.0224
INFO:logger:Score (MAE): 0.0224
2025-03-09 19:05:59,843 - logger - INFO - Score (RMSE): 0.0482
INFO:logger:Score (RMSE): 0.0482
 ~/Desktop/github/RUL_DIY  main !2 ?4                                                                                                                                                                                ✔  21s  py310   19:06:00 